set execid = default
set execdir = exec.engaging.intel
set execname = idealized_moist
set executable = idealized_moist_default
set exp = `basename $cwd`
basename /home/thabbott/idealized_moist_atmospheric_model/input/mtdiag
set npes = 4
set num_executions = 1
set time_stamp = /home/thabbott/idealized_moist_atmospheric_model/input/mtdiag/../../bin/time_stamp.csh
set model_executable = /home/thabbott/idealized_moist_atmospheric_model/input/mtdiag/../../exp/exec.engaging.intel/idealized_moist_default
set mppnccombine = /home/thabbott/idealized_moist_atmospheric_model/input/mtdiag/../../postprocessing/mppnccombine.x
set workdir = /nfs/twcroninlab002/thabbott/IMSM/idealized_moist_default/mtdiag
source /etc/profile.d/modules.csh
if ( 1 ) then
set modules_shell=tcsh
else
set exec_prefix=/usr/bin
set prefix=
set postfix=
if ( 0 ) then
set histchar = !
endif
if ( 0 ) then
if ( 0 ) then
set postfix = set _exit=$status; ; /usr/bin/test 0 = $_exit;
alias module eval `/usr/bin/modulecmd tcsh !*`; set _exit=$status; ; /usr/bin/test 0 = $_exit;
unset exec_prefix
unset prefix
unset postfix
setenv MODULESHOME /usr/share/Modules
if ( ! 1 ) then
if ( ! 1 ) then
eval `/usr/bin/modulecmd tcsh load engaging/intel/2013.1.046`
/usr/bin/modulecmd tcsh load engaging/intel/2013.1.046
setenv INTEL_LICENSE_FILE /home/thabbott/intel/licenses:/cm/shared/engaging/intel/intel-2013.1.046/../licenses:/opt/intel/licenses:/home/thabbott/intel/licenses
set _exit=0
/usr/bin/test 0 = 0
eval `/usr/bin/modulecmd tcsh load engaging/hdf5`
/usr/bin/modulecmd tcsh load engaging/hdf5
setenv CPATH /cm/shared/engaging/hdf5/1.8.14/include:/cm/shared/engaging/intel/intel-2013.1.046/include
setenv LD_LIBRARY_PATH /cm/shared/engaging/hdf5/1.8.14/lib:/cm/shared/engaging/intel/intel-2013.1.046/impi/4.1.3.048/intel64/lib:/cm/shared/engaging/intel/intel-2013.1.046/composer_xe_2013_sp1.2.144/compiler/lib/intel64:/cm/shared/engaging/intel/intel-2013.1.046/lib:/cm/shared/apps/gcc/4.8.4/lib:/cm/shared/apps/gcc/4.8.4/lib64
setenv LIBRARY_PATH /cm/shared/engaging/hdf5/1.8.14/lib:/cm/shared/engaging/intel/intel-2013.1.046/lib
setenv LOADEDMODULES gcc/4.8.4:slurm/14.11:engaging/intel/2013.1.046:engaging/hdf5/1.8.14
setenv PATH /cm/shared/engaging/hdf5/1.8.14/bin:/home/thabbott/local/miniconda3/bin:/home/thabbott/local/miniconda3/bin:/home/thabbott/local/bin:/home/thabbott/local/git-lfs/bin:/home/thabbott/local/miniconda3/bin:/cm/shared/engaging/intel/intel-2013.1.046/impi/4.1.3.048/intel64/bin:/cm/shared/engaging/intel/intel-2013.1.046/bin:/home/thabbott/local/miniconda3/bin:/home/thabbott/local/miniconda3/bin:/home/thabbott/local/bin:/home/thabbott/local/git-lfs/bin:/home/thabbott/local/miniconda3/bin:/cm/shared/apps/gcc/4.8.4/bin:/usr/lib64/qt-3.3/bin:/usr/local/bin:/bin:/usr/bin:/usr/local/sbin:/usr/sbin:/sbin:/sbin:/usr/sbin:/home/thabbott/bin:/opt/dell/srvadmin/bin
setenv _LMFILES_ /cm/shared/modulefiles/gcc/4.8.4:/cm/shared/modulefiles/slurm/14.11:/cm/shared/modulefiles/engaging/intel/2013.1.046:/cm/shared/modulefiles/engaging/hdf5/1.8.14
set _exit=0
/usr/bin/test 0 = 0
eval `/usr/bin/modulecmd tcsh load engaging/zlib/1.2.8`
/usr/bin/modulecmd tcsh load engaging/zlib/1.2.8
setenv CPATH /cm/shared/engaging/zlib/1.2.8/include:/cm/shared/engaging/hdf5/1.8.14/include:/cm/shared/engaging/intel/intel-2013.1.046/include
setenv INCLUDE /cm/shared/engaging/zlib/1.2.8/include
setenv LD_LIBRARY_PATH /cm/shared/engaging/zlib/1.2.8/lib:/cm/shared/engaging/hdf5/1.8.14/lib:/cm/shared/engaging/intel/intel-2013.1.046/impi/4.1.3.048/intel64/lib:/cm/shared/engaging/intel/intel-2013.1.046/composer_xe_2013_sp1.2.144/compiler/lib/intel64:/cm/shared/engaging/intel/intel-2013.1.046/lib:/cm/shared/apps/gcc/4.8.4/lib:/cm/shared/apps/gcc/4.8.4/lib64
setenv LIBRARY_PATH /cm/shared/engaging/zlib/1.2.8/lib:/cm/shared/engaging/hdf5/1.8.14/lib:/cm/shared/engaging/intel/intel-2013.1.046/lib
setenv LOADEDMODULES gcc/4.8.4:slurm/14.11:engaging/intel/2013.1.046:engaging/hdf5/1.8.14:engaging/zlib/1.2.8
setenv PKG_CONFIG_PATH /cm/shared/engaging/zlib/1.2.8/lib/pkgconfig
setenv _LMFILES_ /cm/shared/modulefiles/gcc/4.8.4:/cm/shared/modulefiles/slurm/14.11:/cm/shared/modulefiles/engaging/intel/2013.1.046:/cm/shared/modulefiles/engaging/hdf5/1.8.14:/cm/shared/modulefiles/engaging/zlib/1.2.8
set _exit=0
/usr/bin/test 0 = 0
eval `/usr/bin/modulecmd tcsh list`
/usr/bin/modulecmd tcsh list
Currently Loaded Modulefiles:
  1) gcc/4.8.4                       4) engaging/hdf5/1.8.14(default)
  2) slurm/14.11                     5) engaging/zlib/1.2.8
  3) engaging/intel/2013.1.046
set _exit=0
/usr/bin/test 0 = 0
set namelist = /home/thabbott/idealized_moist_atmospheric_model/input/mtdiag/input.nml
set diagtable = /home/thabbott/idealized_moist_atmospheric_model/input/mtdiag/diag_table
set fieldtable = /home/thabbott/idealized_moist_atmospheric_model/input/mtdiag/field_table
if ( -d /nfs/twcroninlab002/thabbott/IMSM/idealized_moist_default/mtdiag ) then
mkdir -p /nfs/twcroninlab002/thabbott/IMSM/idealized_moist_default/mtdiag
endif
cd /nfs/twcroninlab002/thabbott/IMSM/idealized_moist_default/mtdiag
mkdir INPUT RESTART
cp /home/thabbott/idealized_moist_atmospheric_model/input/mtdiag/input.nml input.nml
cp /home/thabbott/idealized_moist_atmospheric_model/input/mtdiag/diag_table diag_table
cp /home/thabbott/idealized_moist_atmospheric_model/input/mtdiag/field_table field_table
cp /home/thabbott/idealized_moist_atmospheric_model/input/mtdiag/../../exp/exec.engaging.intel/idealized_moist_default .
set irun = 1
while ( 1 < = 1 )
setenv LD_LIBRARY_PATH /home/thabbott/local/netcdf-fortran/4.4.4/lib:/home/thabbott/local/netcdf/4.5.0/lib:/cm/shared/engaging/zlib/1.2.8/lib:/cm/shared/engaging/hdf5/1.8.14/lib:/cm/shared/engaging/intel/intel-2013.1.046/impi/4.1.3.048/intel64/lib:/cm/shared/engaging/intel/intel-2013.1.046/composer_xe_2013_sp1.2.144/compiler/lib/intel64:/cm/shared/engaging/intel/intel-2013.1.046/lib:/cm/shared/apps/gcc/4.8.4/lib:/cm/shared/apps/gcc/4.8.4/lib64
mpirun -n 4 ./idealized_moist_default
NOTE from PE    0: MPP_DOMAINS_SET_STACK_SIZE: stack size set to    32768.
 &MPP_IO_NML
 HEADER_BUFFER_VAL       =       16384,
 GLOBAL_FIELD_ON_ROOT_PE = T,
 IO_CLOCKS_ON    = F,
 SHUFFLE =           0,
 DEFLATE_LEVEL   =          -1
 /
NOTE from PE    0: MPP_IO_SET_STACK_SIZE: stack size set to     131072.
NOTE from PE    0: MPP_DOMAINS_SET_STACK_SIZE: stack size set to   600000.

WARNING from PE    0: diag_manager_mod::diag_manager_init: Setting diag_manager_nml variable mix_snapshot_average_fields = .TRUE. will cause ERRORS in the time coordinates of all time averaged fields.  Strongly recommend setting mix_snapshot_average_fields


WARNING from PE    0: diag_manager_mod::diag_manager_init: Setting diag_manager_nml variable mix_snapshot_average_fields = .TRUE. will cause ERRORS in the time coordinates of all time averaged fields.  Strongly recommend setting mix_snapshot_average_fields

  starting            1  OpenMP threads per MPI-task
ATMOS MODEL DOMAIN DECOMPOSITION
  X-AXIS =  128
  Y-AXIS =   16  16  16  16
mean surface pressure=1000.0000 mb


WARNING from PE    1: mixed_layer: mixed_layer restart file not found


WARNING from PE    2: mixed_layer: mixed_layer restart file not found


WARNING from PE    3: mixed_layer: mixed_layer restart file not found

WARNING from PE    0: mixed_layer: mixed_layer restart file not found


WARNING from PE    0: mixed_layer: mixed_layer restart file not found


WARNING from PE    0: diag_util_mod::opening_file: module/field_name (dynamics/vors) NOT registered


WARNING from PE    0: diag_util_mod::opening_file: module/field_name (dynamics/vors) NOT registered


WARNING from PE    0: diag_util_mod::opening_file: module/field_name (dynamics/eddyu) NOT registered


WARNING from PE    0: diag_util_mod::opening_file: module/field_name (dynamics/eddyu) NOT registered


WARNING from PE    0: diag_util_mod::opening_file: module/field_name (dynamics/eddyv) NOT registered


WARNING from PE    0: diag_util_mod::opening_file: module/field_name (dynamics/eddyv) NOT registered


WARNING from PE    0: diag_util_mod::opening_file: module/field_name (dynamics/divs) NOT registered


WARNING from PE    0: diag_util_mod::opening_file: module/field_name (dynamics/divs) NOT registered


WARNING from PE    0: diag_util_mod::opening_file: module/field_name (dynamics/eddyt) NOT registered


WARNING from PE    0: diag_util_mod::opening_file: module/field_name (dynamics/eddyt) NOT registered

 Integration completed through     1 days     0 seconds
 Integration completed through     2 days     0 seconds
 Integration completed through     3 days     0 seconds
 Integration completed through     4 days     0 seconds
 Integration completed through     5 days     0 seconds
 Integration completed through     6 days     0 seconds
 Integration completed through     7 days     0 seconds
srun: Job step aborted: Waiting up to 32 seconds for job step to finish.
slurmstepd: error: *** STEP 25084464.0 ON node1036 CANCELLED AT 2019-11-08T12:22:30 ***
slurmstepd: error: *** JOB 25084464 ON node1036 CANCELLED AT 2019-11-08T12:22:30 ***
